<?xml version="1.0" encoding="UTF-8"?>
<!-- Generated by org.testng.reporters.JUnitXMLReporter -->
<testsuite hostname="DESKTOP-PPGT1OK" ignored="0" name="Default test" tests="4" failures="0" timestamp="2020-09-29T20:45:38 EDT" time="47.903" errors="0">
  <testcase name="verifyLoginCredentials" time="4.727" classname="DemoBlaze.Test.LaptopTest"/>
  <testcase name="Laptops" time="10.545" classname="DemoBlaze.Test.LaptopTest"/>
  <testcase name="verifyCartLink" time="3.573" classname="DemoBlaze.Test.LaptopTest"/>
  <testcase name="placingOrder" time="16.434" classname="DemoBlaze.Test.LaptopTest"/>
</testsuite> <!-- Default test -->
