<?xml version="1.0" encoding="UTF-8"?>
<testng-results skipped="0" failed="0" ignored="0" total="4" passed="4">
  <reporter-output>
  </reporter-output>
  <suite name="Default suite" duration-ms="47903" started-at="2020-09-29T20:44:50 EDT" finished-at="2020-09-29T20:45:38 EDT">
    <groups>
    </groups>
    <test name="Default test" duration-ms="47903" started-at="2020-09-29T20:44:50 EDT" finished-at="2020-09-29T20:45:38 EDT">
      <class name="DemoBlaze.Test.LaptopTest">
        <test-method status="PASS" signature="setUp()[pri:0, instance:DemoBlaze.Test.LaptopTest@67205a84]" name="setUp" is-config="true" duration-ms="12528" started-at="2020-09-29T20:44:50 EDT" finished-at="2020-09-29T20:45:03 EDT">
          <reporter-output>
          </reporter-output>
        </test-method> <!-- setUp -->
        <test-method status="PASS" signature="verifyLoginCredentials()[pri:1, instance:DemoBlaze.Test.LaptopTest@67205a84]" name="verifyLoginCredentials" duration-ms="4727" started-at="2020-09-29T20:45:03 EDT" finished-at="2020-09-29T20:45:08 EDT">
          <reporter-output>
          </reporter-output>
        </test-method> <!-- verifyLoginCredentials -->
        <test-method status="PASS" signature="Laptops()[pri:2, instance:DemoBlaze.Test.LaptopTest@67205a84]" name="Laptops" duration-ms="10545" started-at="2020-09-29T20:45:08 EDT" finished-at="2020-09-29T20:45:18 EDT">
          <reporter-output>
          </reporter-output>
        </test-method> <!-- Laptops -->
        <test-method status="PASS" signature="verifyCartLink()[pri:3, instance:DemoBlaze.Test.LaptopTest@67205a84]" name="verifyCartLink" duration-ms="3573" started-at="2020-09-29T20:45:18 EDT" finished-at="2020-09-29T20:45:22 EDT">
          <reporter-output>
          </reporter-output>
        </test-method> <!-- verifyCartLink -->
        <test-method status="PASS" signature="placingOrder()[pri:4, instance:DemoBlaze.Test.LaptopTest@67205a84]" name="placingOrder" duration-ms="16434" started-at="2020-09-29T20:45:22 EDT" finished-at="2020-09-29T20:45:38 EDT">
          <reporter-output>
          </reporter-output>
        </test-method> <!-- placingOrder -->
      </class> <!-- DemoBlaze.Test.LaptopTest -->
    </test> <!-- Default test -->
  </suite> <!-- Default suite -->
</testng-results>
