<?xml version="1.0" encoding="UTF-8"?>
<!-- Generated by org.testng.reporters.JUnitReportReporter -->
<testsuite skipped="0" hostname="DESKTOP-PPGT1OK" name="DemoBlaze.Test.LoginTest" tests="2" failures="0" timestamp="2020-09-26T20:15:27 EDT" time="4.805" errors="0">
  <testcase name="verifyTitle" time="0.019" classname="DemoBlaze.Test.LoginTest"/>
  <system-out/>
  <testcase name="verifyLoginCredentials" time="4.786" classname="DemoBlaze.Test.LoginTest"/>
  <system-out/>
</testsuite> <!-- DemoBlaze.Test.LoginTest -->
