<?xml version="1.0" encoding="UTF-8"?>
<!-- Generated by org.testng.reporters.JUnitReportReporter -->
<testsuite skipped="0" hostname="DESKTOP-PPGT1OK" name="DemoBlaze.Test.LaptopTest" tests="4" failures="0" timestamp="2020-09-29T20:45:39 EDT" time="35.279" errors="0">
  <testcase name="verifyLoginCredentials" time="4.727" classname="DemoBlaze.Test.LaptopTest"/>
  <system-out/>
  <testcase name="Laptops" time="10.545" classname="DemoBlaze.Test.LaptopTest"/>
  <system-out/>
  <testcase name="verifyCartLink" time="3.573" classname="DemoBlaze.Test.LaptopTest"/>
  <system-out/>
  <testcase name="placingOrder" time="16.434" classname="DemoBlaze.Test.LaptopTest"/>
  <system-out/>
</testsuite> <!-- DemoBlaze.Test.LaptopTest -->
